<?xml version="1.0" encoding="UTF-8"?>
<testng-results skipped="0" failed="0" ignored="0" total="1" passed="1">
  <reporter-output>
  </reporter-output>
  <suite name="Default suite" duration-ms="16077" started-at="2018-04-11T15:42:35Z" finished-at="2018-04-11T15:42:51Z">
    <groups>
    </groups>
    <test name="Default test" duration-ms="16077" started-at="2018-04-11T15:42:35Z" finished-at="2018-04-11T15:42:51Z">
      <class name="com.jenkinss.google">
        <test-method status="PASS" signature="star()[pri:0, instance:com.jenkinss.google@29ee9faa]" name="star" duration-ms="16002" started-at="2018-04-11T15:42:35Z" finished-at="2018-04-11T15:42:51Z">
          <reporter-output>
          </reporter-output>
        </test-method> <!-- star -->
      </class> <!-- com.jenkinss.google -->
    </test> <!-- Default test -->
  </suite> <!-- Default suite -->
</testng-results>
